[2025-12-12T09:03:54Z] ====== FETCH COALITIONS_USERS START ======
[2025-12-12T09:03:54Z] Reading coalition list...
[2025-12-12T09:03:54Z] Found 350 coalitions to fetch members for
[2025-12-12T09:03:55Z]   Coalition 1/350 (ID 579): 2 members, 1142ms
[2025-12-12T09:03:56Z]   Coalition 2/350 (ID 578): 2 members, 1044ms
[2025-12-12T09:03:57Z]   Coalition 3/350 (ID 577): 1 members, 1152ms
[2025-12-12T09:03:58Z]   Coalition 4/350 (ID 576): 2 members, 995ms
[2025-12-12T09:03:59Z]   Coalition 5/350 (ID 575): 29 members, 1057ms
[2025-12-12T09:04:00Z]   Coalition 6/350 (ID 574): 30 members, 1004ms
[2025-12-12T09:04:01Z]   Coalition 7/350 (ID 573): 30 members, 1286ms
[2025-12-12T09:04:02Z]   Coalition 8/350 (ID 572): 29 members, 965ms
[2025-12-12T09:04:03Z]   Coalition 9/350 (ID 571): 49 members, 1021ms
[2025-12-12T09:04:04Z]   Coalition 10/350 (ID 570): 48 members, 1050ms
[2025-12-12T09:04:05Z]   Coalition 11/350 (ID 569): 48 members, 1027ms
[2025-12-12T09:04:07Z]   Coalition 12/350 (ID 568): 49 members, 1085ms
[2025-12-12T09:04:08Z]   Coalition 13/350 (ID 567): 38 members, 1060ms
[2025-12-12T09:04:09Z]   Coalition 14/350 (ID 566): 37 members, 1057ms
[2025-12-12T09:04:10Z]   Coalition 15/350 (ID 563): 53 members, 1064ms
[2025-12-12T09:04:11Z]   Coalition 16/350 (ID 562): 53 members, 1000ms
[2025-12-12T09:04:12Z]   Coalition 17/350 (ID 561): 53 members, 1018ms
[2025-12-12T09:04:13Z]   Coalition 18/350 (ID 560): 53 members, 1112ms
[2025-12-12T09:04:14Z]   Coalition 19/350 (ID 558): 74 members, 1032ms
[2025-12-12T09:04:15Z]   Coalition 20/350 (ID 557): 8 members, 983ms
[2025-12-12T09:04:18Z]   Coalition 21/350 (ID 556): 206 members, 3221ms
[2025-12-12T09:04:22Z]   Coalition 22/350 (ID 555): 205 members, 3323ms
[2025-12-12T09:04:25Z]   Coalition 23/350 (ID 553): 209 members, 3166ms
[2025-12-12T09:04:26Z]   Coalition 24/350 (ID 552): 6 members, 992ms
[2025-12-12T09:04:27Z]   Coalition 25/350 (ID 551): 7 members, 998ms
[2025-12-12T09:04:29Z]   Coalition 26/350 (ID 550): 114 members, 2163ms
[2025-12-12T09:04:31Z]   Coalition 27/350 (ID 549): 113 members, 2106ms
[2025-12-12T09:04:32Z]   Coalition 28/350 (ID 548): 27 members, 1036ms
[2025-12-12T09:04:33Z]   Coalition 29/350 (ID 546): 27 members, 1027ms
[2025-12-12T09:04:34Z]   Coalition 30/350 (ID 544): 27 members, 1121ms
[2025-12-12T09:04:35Z]   Coalition 31/350 (ID 543): 26 members, 1029ms
[2025-12-12T09:04:37Z]   Coalition 32/350 (ID 520): 145 members, 2155ms
[2025-12-12T09:04:40Z]   Coalition 33/350 (ID 519): 135 members, 2342ms
[2025-12-12T09:04:42Z]   Coalition 34/350 (ID 518): 145 members, 2154ms
[2025-12-12T09:04:44Z]   Coalition 35/350 (ID 517): 133 members, 2159ms
[2025-12-12T09:04:46Z]   Coalition 36/350 (ID 516): 134 members, 2145ms
[2025-12-12T09:04:48Z]   Coalition 37/350 (ID 515): 145 members, 2173ms
[2025-12-12T09:04:51Z]   Coalition 38/350 (ID 514): 133 members, 2128ms
[2025-12-12T09:04:53Z]   Coalition 39/350 (ID 513): 145 members, 2107ms
[2025-12-12T09:04:54Z]   Coalition 40/350 (ID 511): 7 members, 1050ms
[2025-12-12T09:04:55Z]   Coalition 41/350 (ID 510): 6 members, 1053ms
[2025-12-12T09:04:56Z]   Coalition 42/350 (ID 509): 7 members, 1049ms
[2025-12-12T09:04:57Z]   Coalition 43/350 (ID 508): 8 members, 1015ms
[2025-12-12T09:04:58Z]   Coalition 44/350 (ID 507): 92 members, 1115ms
[2025-12-12T09:05:00Z]   Coalition 45/350 (ID 506): 106 members, 2101ms
[2025-12-12T09:05:02Z]   Coalition 46/350 (ID 505): 100 members, 2288ms
[2025-12-12T09:05:04Z]   Coalition 47/350 (ID 504): 92 members, 1045ms
[2025-12-12T09:09:04Z] ====== FETCH COALITIONS_USERS START ======
[2025-12-12T09:09:04Z] Reading coalition list...
[2025-12-12T09:09:05Z] Found 350 coalitions to fetch members for
[2025-12-12T09:09:06Z]   Coalition 1/350 (ID 579): 2 members, 1237ms
[2025-12-12T09:09:07Z]   Coalition 2/350 (ID 578): 2 members, 1301ms
[2025-12-12T09:09:08Z]   Coalition 3/350 (ID 577): 1 members, 1015ms
[2025-12-12T09:09:09Z]   Coalition 4/350 (ID 576): 2 members, 966ms
[2025-12-12T09:09:10Z]   Coalition 5/350 (ID 575): 29 members, 1057ms
[2025-12-12T09:09:11Z]   Coalition 6/350 (ID 574): 30 members, 1024ms
[2025-12-12T09:09:12Z]   Coalition 7/350 (ID 573): 30 members, 1010ms
[2025-12-12T09:09:13Z]   Coalition 8/350 (ID 572): 29 members, 1020ms
[2025-12-12T09:09:14Z]   Coalition 9/350 (ID 571): 49 members, 1031ms
[2025-12-12T09:09:15Z]   Coalition 10/350 (ID 570): 48 members, 1032ms
[2025-12-12T09:09:16Z]   Coalition 11/350 (ID 569): 48 members, 1018ms
[2025-12-12T09:09:17Z]   Coalition 12/350 (ID 568): 49 members, 1014ms
[2025-12-12T09:09:18Z]   Coalition 13/350 (ID 567): 38 members, 1008ms
[2025-12-12T09:09:20Z]   Coalition 14/350 (ID 566): 37 members, 1075ms
[2025-12-12T09:09:21Z]   Coalition 15/350 (ID 563): 53 members, 1039ms
[2025-12-12T09:09:22Z]   Coalition 16/350 (ID 562): 53 members, 1058ms
[2025-12-12T09:09:23Z]   Coalition 17/350 (ID 561): 53 members, 1005ms
[2025-12-12T09:09:24Z]   Coalition 18/350 (ID 560): 53 members, 1113ms
[2025-12-12T09:09:25Z]   Coalition 19/350 (ID 558): 74 members, 1343ms
[2025-12-12T09:09:26Z]   Coalition 20/350 (ID 557): 8 members, 1045ms
[2025-12-12T09:09:29Z]   Coalition 21/350 (ID 556): 206 members, 3163ms
[2025-12-12T09:09:33Z]   Coalition 22/350 (ID 555): 205 members, 3150ms
[2025-12-12T09:09:36Z]   Coalition 23/350 (ID 553): 209 members, 3178ms
[2025-12-12T09:09:37Z]   Coalition 24/350 (ID 552): 6 members, 1007ms
[2025-12-12T09:09:38Z]   Coalition 25/350 (ID 551): 7 members, 1038ms
[2025-12-12T09:09:40Z]   Coalition 26/350 (ID 550): 114 members, 2174ms
[2025-12-12T09:09:42Z]   Coalition 27/350 (ID 549): 113 members, 2023ms
[2025-12-12T09:09:43Z]   Coalition 28/350 (ID 548): 27 members, 1048ms
[2025-12-12T09:09:44Z]   Coalition 29/350 (ID 546): 27 members, 1045ms
[2025-12-12T09:09:45Z]   Coalition 30/350 (ID 544): 27 members, 985ms
[2025-12-12T09:09:46Z]   Coalition 31/350 (ID 543): 26 members, 1033ms
[2025-12-12T09:09:48Z]   Coalition 32/350 (ID 520): 145 members, 2098ms
[2025-12-12T09:09:50Z]   Coalition 33/350 (ID 519): 135 members, 2129ms
[2025-12-12T09:09:53Z]   Coalition 34/350 (ID 518): 145 members, 2104ms
[2025-12-12T09:09:55Z]   Coalition 35/350 (ID 517): 133 members, 2052ms
[2025-12-12T09:09:57Z]   Coalition 36/350 (ID 516): 134 members, 2532ms
[2025-12-12T09:09:59Z]   Coalition 37/350 (ID 515): 145 members, 2244ms
[2025-12-12T09:10:02Z]   Coalition 38/350 (ID 514): 133 members, 2470ms
[2025-12-12T09:10:07Z]   Coalition 39/350 (ID 513): 145 members, 5264ms
[2025-12-12T09:10:08Z]   Coalition 40/350 (ID 511): 7 members, 1027ms
[2025-12-12T09:10:10Z]   Coalition 41/350 (ID 510): 6 members, 2292ms
[2025-12-12T09:10:13Z]   Coalition 42/350 (ID 509): 7 members, 2137ms
[2025-12-12T09:10:14Z]   Coalition 43/350 (ID 508): 8 members, 1275ms
[2025-12-12T09:10:16Z]   Coalition 44/350 (ID 507): 92 members, 2413ms
[2025-12-12T09:10:18Z]   Coalition 45/350 (ID 506): 106 members, 2080ms
[2025-12-12T09:10:20Z]   Coalition 46/350 (ID 505): 100 members, 2072ms
[2025-12-12T09:10:23Z]   Coalition 47/350 (ID 504): 92 members, 2376ms
[2025-12-12T09:10:27Z]   Coalition 48/350 (ID 499): 145 members, 4564ms
[2025-12-12T09:10:31Z]   Coalition 49/350 (ID 498): 157 members, 3750ms
[2025-12-12T09:10:34Z]   Coalition 50/350 (ID 482): 107 members, 2280ms
[2025-12-12T09:10:37Z]   Coalition 51/350 (ID 481): 106 members, 3328ms
[2025-12-12T09:10:43Z]   Coalition 52/350 (ID 480): 104 members, 5860ms
[2025-12-12T09:10:49Z]   Coalition 53/350 (ID 479): 109 members, 6705ms
[2025-12-12T09:10:53Z]   Coalition 54/350 (ID 478): 118 members, 3375ms
[2025-12-12T09:11:03Z]   Coalition 55/350 (ID 476): 105 members, 10074ms
[2025-12-12T09:11:11Z]   Coalition 56/350 (ID 471): 138 members, 8055ms
[2025-12-12T09:11:14Z]   Coalition 57/350 (ID 470): 94 members, 2712ms
[2025-12-12T09:11:19Z]   Coalition 58/350 (ID 469): 31 members, 5085ms
[2025-12-12T09:11:38Z]   Coalition 59/350 (ID 468): 142 members, 18830ms
[2025-12-12T09:11:40Z]   Coalition 60/350 (ID 467): 149 members, 2500ms
[2025-12-12T09:11:49Z]   Coalition 61/350 (ID 465): 58 members, 8758ms
[2025-12-12T09:11:50Z]   Coalition 62/350 (ID 464): 59 members, 1170ms
[2025-12-12T09:11:51Z]   Coalition 63/350 (ID 463): 50 members, 1042ms
[2025-12-12T09:11:52Z]   Coalition 64/350 (ID 462): 55 members, 1000ms
[2025-12-12T09:12:03Z]   Coalition 65/350 (ID 461): 77 members, 10468ms
[2025-12-12T09:12:16Z]   Coalition 66/350 (ID 460): 132 members, 13013ms
[2025-12-12T09:12:26Z]   Coalition 67/350 (ID 459): 143 members, 10614ms
[2025-12-12T09:12:37Z]   Coalition 68/350 (ID 458): 136 members, 10659ms
[2025-12-12T09:12:52Z]   Coalition 69/350 (ID 457): 117 members, 14589ms
[2025-12-12T09:13:00Z]   Coalition 70/350 (ID 456): 114 members, 8624ms
[2025-12-12T09:13:11Z]   Coalition 71/350 (ID 455): 121 members, 10944ms
[2025-12-12T09:13:25Z]   Coalition 72/350 (ID 454): 105 members, 13586ms
[2025-12-12T09:13:39Z]   Coalition 73/350 (ID 452): 483 members, 14077ms
[2025-12-12T09:13:42Z]   Coalition 74/350 (ID 450): 185 members, 3617ms
[2025-12-12T09:13:45Z]   Coalition 75/350 (ID 449): 193 members, 2639ms
[2025-12-12T09:13:50Z]   Coalition 76/350 (ID 448): 208 members, 4638ms
[2025-12-12T09:13:56Z]   Coalition 77/350 (ID 447): 192 members, 6234ms
[2025-12-12T09:14:08Z]   Coalition 78/350 (ID 446): 495 members, 12175ms
[2025-12-12T09:14:09Z]   Coalition 79/350 (ID 431): 1 members, 1011ms
[2025-12-12T09:14:10Z]   Coalition 80/350 (ID 430): 1 members, 1031ms
[2025-12-12T09:14:35Z]   Coalition 81/350 (ID 424): 596 members, 25224ms
[2025-12-12T09:14:58Z]   Coalition 82/350 (ID 423): 668 members, 22280ms
[2025-12-12T09:15:02Z]   Coalition 83/350 (ID 422): 85 members, 3719ms
[2025-12-12T09:15:05Z]   Coalition 84/350 (ID 421): 88 members, 3289ms
[2025-12-12T09:15:08Z]   Coalition 85/350 (ID 420): 67 members, 3621ms
[2025-12-12T09:15:14Z]   Coalition 86/350 (ID 405): 176 members, 5614ms
[2025-12-12T09:15:19Z]   Coalition 87/350 (ID 404): 151 members, 4473ms
[2025-12-12T09:15:22Z]   Coalition 88/350 (ID 403): 170 members, 3111ms
[2025-12-12T09:15:28Z]   Coalition 89/350 (ID 401): 583 members, 6460ms
[2025-12-12T09:15:35Z]   Coalition 90/350 (ID 400): 551 members, 6547ms
[2025-12-12T09:15:41Z]   Coalition 91/350 (ID 399): 530 members, 6646ms
[2025-12-12T09:15:48Z]   Coalition 92/350 (ID 398): 530 members, 7074ms
[2025-12-12T09:15:50Z]   Coalition 93/350 (ID 397): 79 members, 1077ms
[2025-12-12T09:15:51Z]   Coalition 94/350 (ID 396): 78 members, 1118ms
[2025-12-12T09:15:52Z]   Coalition 95/350 (ID 387): 12 members, 1683ms
[2025-12-12T09:15:54Z]   Coalition 96/350 (ID 386): 13 members, 1176ms
[2025-12-12T09:15:55Z]   Coalition 97/350 (ID 385): 10 members, 1185ms
[2025-12-12T09:15:59Z]   Coalition 98/350 (ID 384): 305 members, 4581ms
[2025-12-12T09:16:04Z]   Coalition 99/350 (ID 383): 351 members, 4565ms
[2025-12-12T09:16:09Z]   Coalition 100/350 (ID 382): 320 members, 4674ms
[2025-12-12T09:16:13Z]   Coalition 101/350 (ID 381): 343 members, 4476ms
[2025-12-12T09:16:18Z]   Coalition 102/350 (ID 380): 343 members, 4431ms
[2025-12-12T09:16:22Z]   Coalition 103/350 (ID 378): 336 members, 4617ms
[2025-12-12T09:16:27Z]   Coalition 104/350 (ID 377): 379 members, 4444ms
[2025-12-12T09:16:31Z]   Coalition 105/350 (ID 376): 379 members, 4442ms
[2025-12-12T09:16:37Z]   Coalition 106/350 (ID 375): 420 members, 5486ms
[2025-12-12T09:16:42Z]   Coalition 107/350 (ID 374): 405 members, 5475ms
[2025-12-12T09:16:45Z]   Coalition 108/350 (ID 366): 231 members, 3211ms
[2025-12-12T09:16:49Z]   Coalition 109/350 (ID 365): 235 members, 3244ms
[2025-12-12T09:16:52Z]   Coalition 110/350 (ID 364): 249 members, 3210ms
[2025-12-12T09:16:55Z]   Coalition 111/350 (ID 363): 244 members, 3289ms
[2025-12-12T09:16:57Z]   Coalition 112/350 (ID 362): 167 members, 2200ms
[2025-12-12T09:16:59Z]   Coalition 113/350 (ID 361): 160 members, 2196ms
[2025-12-12T09:17:02Z]   Coalition 114/350 (ID 360): 157 members, 2274ms
[2025-12-12T09:17:04Z]   Coalition 115/350 (ID 359): 161 members, 2160ms
[2025-12-12T09:17:07Z]   Coalition 116/350 (ID 355): 243 members, 3325ms
[2025-12-12T09:17:11Z]   Coalition 117/350 (ID 354): 226 members, 3437ms
[2025-12-12T09:17:14Z]   Coalition 118/350 (ID 353): 241 members, 3273ms
[2025-12-12T09:17:15Z]   Coalition 119/350 (ID 345): 83 members, 1151ms
[2025-12-12T09:17:16Z]   Coalition 120/350 (ID 344): 63 members, 1055ms
[2025-12-12T09:17:17Z]   Coalition 121/350 (ID 343): 66 members, 1050ms
[2025-12-12T09:17:18Z]   Coalition 122/350 (ID 342): 62 members, 1128ms
[2025-12-12T09:17:21Z]   Coalition 123/350 (ID 335): 142 members, 2175ms
[2025-12-12T09:17:23Z]   Coalition 124/350 (ID 334): 139 members, 2410ms
[2025-12-12T09:17:25Z]   Coalition 125/350 (ID 333): 139 members, 2225ms
[2025-12-12T09:17:27Z]   Coalition 126/350 (ID 332): 118 members, 2129ms
[2025-12-12T09:17:30Z]   Coalition 127/350 (ID 331): 119 members, 2542ms
[2025-12-12T09:17:32Z]   Coalition 128/350 (ID 330): 119 members, 2116ms
[2025-12-12T09:17:34Z]   Coalition 129/350 (ID 329): 120 members, 2065ms
[2025-12-12T09:17:36Z]   Coalition 130/350 (ID 324): 148 members, 2170ms
[2025-12-12T09:17:39Z]   Coalition 131/350 (ID 323): 136 members, 2116ms
[2025-12-12T09:17:41Z]   Coalition 132/350 (ID 322): 155 members, 2166ms
[2025-12-12T09:17:43Z]   Coalition 133/350 (ID 319): 111 members, 2069ms
[2025-12-12T09:17:45Z]   Coalition 134/350 (ID 318): 127 members, 2137ms
[2025-12-12T09:17:47Z]   Coalition 135/350 (ID 317): 129 members, 2072ms
[2025-12-12T09:17:49Z]   Coalition 136/350 (ID 316): 119 members, 2059ms
[2025-12-12T09:17:54Z]   Coalition 137/350 (ID 314): 318 members, 4548ms
[2025-12-12T09:17:58Z]   Coalition 138/350 (ID 313): 330 members, 4266ms
[2025-12-12T09:18:02Z]   Coalition 139/350 (ID 310): 341 members, 4393ms
[2025-12-12T09:18:06Z]   Coalition 140/350 (ID 309): 347 members, 4111ms
[2025-12-12T09:18:11Z]   Coalition 141/350 (ID 308): 339 members, 4306ms
[2025-12-12T09:18:15Z]   Coalition 142/350 (ID 307): 361 members, 4301ms
[2025-12-12T09:18:18Z]   Coalition 143/350 (ID 305): 290 members, 3194ms
[2025-12-12T09:18:21Z]   Coalition 144/350 (ID 304): 286 members, 3169ms
[2025-12-12T09:18:25Z]   Coalition 145/350 (ID 303): 288 members, 3185ms
[2025-12-12T09:18:35Z]   Coalition 146/350 (ID 302): 270 members, 10563ms
[2025-12-12T09:18:46Z]   Coalition 147/350 (ID 287): 618 members, 11252ms
[2025-12-12T09:18:55Z]   Coalition 148/350 (ID 286): 615 members, 8000ms
[2025-12-12T09:18:57Z]   Coalition 149/350 (ID 285): 103 members, 2052ms
[2025-12-12T09:18:59Z]   Coalition 150/350 (ID 284): 104 members, 2034ms
[2025-12-12T09:19:01Z]   Coalition 151/350 (ID 283): 104 members, 2246ms
[2025-12-12T09:19:03Z]   Coalition 152/350 (ID 282): 119 members, 2057ms
[2025-12-12T09:19:05Z]   Coalition 153/350 (ID 281): 130 members, 2185ms
[2025-12-12T09:19:07Z]   Coalition 154/350 (ID 279): 120 members, 2183ms
[2025-12-12T09:19:10Z]   Coalition 155/350 (ID 277): 121 members, 2280ms
[2025-12-12T09:19:16Z]   Coalition 156/350 (ID 276): 534 members, 6417ms
[2025-12-12T09:19:23Z]   Coalition 157/350 (ID 275): 532 members, 6471ms
[2025-12-12T09:19:29Z]   Coalition 158/350 (ID 274): 549 members, 6519ms
[2025-12-12T09:19:32Z]   Coalition 159/350 (ID 273): 205 members, 3147ms
[2025-12-12T09:19:36Z]   Coalition 160/350 (ID 272): 222 members, 3267ms
[2025-12-12T09:19:39Z]   Coalition 161/350 (ID 271): 210 members, 3279ms
[2025-12-12T09:19:45Z]   Coalition 162/350 (ID 270): 598 members, 6395ms
[2025-12-12T09:19:53Z]   Coalition 163/350 (ID 269): 614 members, 7572ms
[2025-12-12T09:19:55Z]   Coalition 164/350 (ID 255): 188 members, 2046ms
[2025-12-12T09:19:57Z]   Coalition 165/350 (ID 253): 176 members, 2095ms
[2025-12-12T09:19:59Z]   Coalition 166/350 (ID 252): 193 members, 2153ms
[2025-12-12T09:20:07Z]   Coalition 167/350 (ID 251): 633 members, 7443ms
[2025-12-12T09:20:14Z]   Coalition 168/350 (ID 250): 643 members, 7323ms
[2025-12-12T09:20:15Z]   Coalition 169/350 (ID 249): 80 members, 1065ms
[2025-12-12T09:20:21Z]   Coalition 170/350 (ID 248): 512 members, 6408ms
[2025-12-12T09:20:28Z]   Coalition 171/350 (ID 247): 535 members, 6579ms
[2025-12-12T09:20:35Z]   Coalition 172/350 (ID 246): 514 members, 6717ms
[2025-12-12T09:20:41Z]   Coalition 173/350 (ID 245): 517 members, 6636ms
[2025-12-12T09:20:53Z]   Coalition 174/350 (ID 244): 950 members, 11131ms
[2025-12-12T09:20:54Z]   Coalition 175/350 (ID 243): 79 members, 1023ms
[2025-12-12T09:20:55Z]   Coalition 176/350 (ID 242): 79 members, 1083ms
[2025-12-12T09:20:56Z]   Coalition 177/350 (ID 241): 78 members, 1104ms
[2025-12-12T09:21:04Z]   Coalition 182/350 (ID 235): 307 members, 4764ms
[2025-12-12T09:21:07Z]   Coalition 183/350 (ID 221): 290 members, 3525ms
[2025-12-12T09:21:11Z]   Coalition 184/350 (ID 220): 200 members, 3459ms
[2025-12-12T09:21:14Z]   Coalition 185/350 (ID 219): 206 members, 3341ms
[2025-12-12T09:21:17Z]   Coalition 186/350 (ID 218): 193 members, 2362ms
[2025-12-12T09:21:19Z]   Coalition 187/350 (ID 217): 136 members, 2214ms
[2025-12-12T09:21:36Z]   Coalition 188/350 (ID 216): 1481 members, 16659ms
[2025-12-12T09:21:52Z]   Coalition 189/350 (ID 215): 1432 members, 16088ms
[2025-12-12T09:21:56Z]   Coalition 190/350 (ID 214): 396 members, 4354ms
[2025-12-12T09:22:01Z]   Coalition 191/350 (ID 213): 406 members, 5256ms
[2025-12-12T09:22:05Z]   Coalition 192/350 (ID 212): 388 members, 4135ms
[2025-12-12T09:22:08Z]   Coalition 193/350 (ID 210): 196 members, 2179ms
[2025-12-12T09:22:11Z]   Coalition 194/350 (ID 209): 216 members, 3121ms
[2025-12-12T09:22:14Z]   Coalition 195/350 (ID 208): 234 members, 3015ms
[2025-12-12T09:22:20Z]   Coalition 196/350 (ID 206): 509 members, 6424ms
[2025-12-12T09:22:26Z]   Coalition 197/350 (ID 205): 480 members, 5634ms
[2025-12-12T09:22:31Z]   Coalition 198/350 (ID 204): 473 members, 5620ms
[2025-12-12T09:22:33Z]   Coalition 199/350 (ID 202): 11 members, 1047ms
[2025-12-12T09:22:34Z]   Coalition 200/350 (ID 201): 8 members, 1047ms
[2025-12-12T09:22:35Z]   Coalition 201/350 (ID 200): 7 members, 976ms
[2025-12-12T09:22:36Z]   Coalition 202/350 (ID 199): 8 members, 1015ms
[2025-12-12T09:22:46Z]   Coalition 203/350 (ID 198): 930 members, 10547ms
[2025-12-12T09:22:57Z]   Coalition 204/350 (ID 197): 935 members, 10771ms
[2025-12-12T09:23:07Z]   Coalition 205/350 (ID 196): 882 members, 10174ms
[2025-12-12T09:23:08Z]   Coalition 206/350 (ID 195): 2 members, 991ms
[2025-12-12T09:23:12Z]   Coalition 207/350 (ID 193): 306 members, 4147ms
[2025-12-12T09:23:16Z]   Coalition 208/350 (ID 192): 298 members, 3302ms
[2025-12-12T09:23:19Z]   Coalition 209/350 (ID 191): 287 members, 3247ms
[2025-12-12T09:23:21Z]   Coalition 211/350 (ID 189): 2 members, 959ms
[2025-12-12T09:23:24Z]   Coalition 213/350 (ID 183): 134 members, 2211ms
[2025-12-12T09:23:26Z]   Coalition 214/350 (ID 182): 123 members, 2140ms
[2025-12-12T09:23:28Z]   Coalition 215/350 (ID 181): 123 members, 2127ms
[2025-12-12T09:23:30Z]   Coalition 216/350 (ID 180): 141 members, 2136ms
[2025-12-12T09:23:32Z]   Coalition 217/350 (ID 179): 100 members, 2111ms
[2025-12-12T09:23:33Z]   Coalition 218/350 (ID 178): 96 members, 1036ms
[2025-12-12T09:23:35Z]   Coalition 219/350 (ID 177): 106 members, 2104ms
[2025-12-12T09:23:38Z]   Coalition 220/350 (ID 176): 109 members, 2181ms
[2025-12-12T09:23:39Z]   Coalition 221/350 (ID 175): 83 members, 1126ms
[2025-12-12T09:23:40Z]   Coalition 222/350 (ID 174): 79 members, 1068ms
[2025-12-12T09:23:41Z]   Coalition 223/350 (ID 173): 93 members, 1204ms
[2025-12-12T09:23:46Z]   Coalition 224/350 (ID 172): 301 members, 4501ms
[2025-12-12T09:24:01Z]   Coalition 225/350 (ID 171): 321 members, 15332ms
[2025-12-12T09:24:09Z]   Coalition 226/350 (ID 170): 308 members, 7906ms
[2025-12-12T09:24:17Z]   Coalition 227/350 (ID 168): 489 members, 7854ms
[2025-12-12T09:24:22Z]   Coalition 228/350 (ID 167): 471 members, 5486ms
[2025-12-12T09:24:28Z]   Coalition 229/350 (ID 166): 476 members, 5259ms
[2025-12-12T09:24:29Z]   Coalition 230/350 (ID 165): 16 members, 1017ms
[2025-12-12T09:24:29Z]   Coalition 231/350 (ID 164): 15 members, 926ms
[2025-12-12T09:24:30Z]   Coalition 232/350 (ID 163): 16 members, 999ms
[2025-12-12T09:24:32Z]   Coalition 233/350 (ID 162): 16 members, 1027ms
[2025-12-12T09:24:36Z]   Coalition 234/350 (ID 160): 373 members, 4318ms
[2025-12-12T09:24:40Z]   Coalition 235/350 (ID 159): 310 members, 4296ms
[2025-12-12T09:24:45Z]   Coalition 236/350 (ID 158): 347 members, 4413ms
[2025-12-12T09:24:54Z]   Coalition 239/350 (ID 148): 684 members, 7529ms
[2025-12-12T09:25:01Z]   Coalition 240/350 (ID 147): 619 members, 7333ms
[2025-12-12T09:25:04Z]   Coalition 241/350 (ID 126): 216 members, 3190ms
[2025-12-12T09:25:07Z]   Coalition 242/350 (ID 125): 222 members, 3157ms
[2025-12-12T09:25:10Z]   Coalition 243/350 (ID 124): 194 members, 2123ms
[2025-12-12T09:25:13Z]   Coalition 244/350 (ID 122): 262 members, 3274ms
[2025-12-12T09:25:14Z]   Coalition 245/350 (ID 120): 1 members, 1004ms
[2025-12-12T09:25:15Z]   Coalition 246/350 (ID 119): 2 members, 969ms
[2025-12-12T09:25:18Z]   Coalition 247/350 (ID 117): 241 members, 3183ms
[2025-12-12T09:25:21Z]   Coalition 248/350 (ID 116): 252 members, 3156ms
[2025-12-12T09:25:24Z]   Coalition 249/350 (ID 112): 181 members, 2270ms
[2025-12-12T09:25:26Z]   Coalition 250/350 (ID 111): 170 members, 2095ms
[2025-12-12T09:25:28Z]   Coalition 251/350 (ID 110): 184 members, 2129ms
[2025-12-12T09:25:30Z]   Coalition 252/350 (ID 109): 170 members, 2167ms
[2025-12-12T09:26:15Z]   Coalition 253/350 (ID 108): 3739 members, 45389ms
[2025-12-12T09:27:00Z]   Coalition 254/350 (ID 107): 3685 members, 44392ms
[2025-12-12T09:27:07Z]   Coalition 255/350 (ID 106): 563 members, 6959ms
[2025-12-12T09:27:14Z]   Coalition 256/350 (ID 105): 560 members, 6926ms
[2025-12-12T09:27:16Z]   Coalition 257/350 (ID 104): 144 members, 2243ms
[2025-12-12T09:27:18Z]   Coalition 258/350 (ID 103): 154 members, 2210ms
[2025-12-12T09:27:20Z]   Coalition 259/350 (ID 102): 146 members, 2161ms
[2025-12-12T09:27:22Z]   Coalition 260/350 (ID 101): 146 members, 2149ms
[2025-12-12T09:27:25Z]   Coalition 261/350 (ID 100): 118 members, 2086ms
[2025-12-12T09:27:27Z]   Coalition 262/350 (ID 99): 120 members, 2037ms
[2025-12-12T09:27:29Z]   Coalition 263/350 (ID 98): 123 members, 2044ms
[2025-12-12T09:27:31Z]   Coalition 264/350 (ID 97): 120 members, 2128ms
[2025-12-12T09:27:33Z]   Coalition 265/350 (ID 96): 169 members, 2126ms
[2025-12-12T09:27:35Z]   Coalition 266/350 (ID 95): 173 members, 2101ms
[2025-12-12T09:27:37Z]   Coalition 267/350 (ID 94): 193 members, 2263ms
[2025-12-12T09:27:39Z]   Coalition 268/350 (ID 93): 177 members, 2134ms
[2025-12-12T09:27:44Z]   Coalition 269/350 (ID 92): 363 members, 4627ms
[2025-12-12T09:27:49Z]   Coalition 270/350 (ID 91): 368 members, 4435ms
[2025-12-12T09:27:53Z]   Coalition 271/350 (ID 90): 374 members, 4403ms
[2025-12-12T09:27:57Z]   Coalition 272/350 (ID 89): 382 members, 4449ms
[2025-12-12T09:28:03Z]   Coalition 273/350 (ID 88): 465 members, 5520ms
[2025-12-12T09:28:08Z]   Coalition 274/350 (ID 87): 460 members, 5404ms
[2025-12-12T09:28:14Z]   Coalition 275/350 (ID 86): 453 members, 5680ms
[2025-12-12T09:28:20Z]   Coalition 276/350 (ID 85): 449 members, 5596ms
[2025-12-12T09:28:21Z]   Coalition 277/350 (ID 84): 33 members, 985ms
[2025-12-12T09:28:22Z]   Coalition 278/350 (ID 83): 30 members, 1041ms
[2025-12-12T09:28:23Z]   Coalition 279/350 (ID 82): 32 members, 1059ms
[2025-12-12T09:28:24Z]   Coalition 280/350 (ID 81): 30 members, 1050ms
[2025-12-12T09:28:28Z]   Coalition 281/350 (ID 80): 398 members, 4494ms
[2025-12-12T09:28:33Z]   Coalition 282/350 (ID 79): 394 members, 4469ms
[2025-12-12T09:28:38Z]   Coalition 283/350 (ID 78): 405 members, 5409ms
[2025-12-12T09:28:44Z]   Coalition 284/350 (ID 77): 419 members, 5315ms
[2025-12-12T09:28:50Z]   Coalition 285/350 (ID 76): 478 members, 6385ms
[2025-12-12T09:28:56Z]   Coalition 286/350 (ID 75): 470 members, 6094ms
[2025-12-12T09:29:04Z]   Coalition 287/350 (ID 74): 476 members, 7561ms
[2025-12-12T09:29:09Z]   Coalition 288/350 (ID 73): 463 members, 5429ms
[2025-12-12T09:29:10Z]   Coalition 289/350 (ID 72): 65 members, 1104ms
[2025-12-12T09:29:11Z]   Coalition 290/350 (ID 71): 71 members, 1152ms
[2025-12-12T09:29:12Z]   Coalition 291/350 (ID 70): 66 members, 1020ms
[2025-12-12T09:29:13Z]   Coalition 292/350 (ID 69): 67 members, 1030ms
[2025-12-12T09:29:43Z]   Coalition 293/350 (ID 63): 866 members, 29398ms
[2025-12-12T09:29:54Z]   Coalition 294/350 (ID 62): 893 members, 11223ms
[2025-12-12T09:30:04Z]   Coalition 295/350 (ID 61): 853 members, 10342ms
[2025-12-12T09:30:10Z]   Coalition 296/350 (ID 60): 379 members, 5705ms
[2025-12-12T09:30:15Z]   Coalition 297/350 (ID 59): 354 members, 4607ms
[2025-12-12T09:30:19Z]   Coalition 298/350 (ID 58): 307 members, 4326ms
[2025-12-12T09:30:20Z]   Coalition 299/350 (ID 57): 82 members, 1074ms
[2025-12-12T09:30:21Z]   Coalition 300/350 (ID 56): 78 members, 1219ms
[2025-12-12T09:30:23Z]   Coalition 301/350 (ID 55): 71 members, 1127ms
[2025-12-12T09:30:27Z]   Coalition 302/350 (ID 54): 365 members, 4346ms
[2025-12-12T09:30:31Z]   Coalition 303/350 (ID 53): 353 members, 4307ms
[2025-12-12T09:30:36Z]   Coalition 304/350 (ID 52): 339 members, 4359ms
[2025-12-12T09:30:59Z]   Coalition 305/350 (ID 48): 2062 members, 23457ms
[2025-12-12T09:31:23Z]   Coalition 306/350 (ID 47): 2061 members, 23683ms
[2025-12-12T09:31:46Z]   Coalition 307/350 (ID 46): 2025 members, 23490ms
[2025-12-12T09:32:11Z]   Coalition 308/350 (ID 45): 2056 members, 24542ms
[2025-12-12T09:32:15Z]   Coalition 310/350 (ID 42): 264 members, 3279ms
[2025-12-12T09:32:18Z]   Coalition 311/350 (ID 41): 255 members, 3225ms
[2025-12-12T09:32:22Z]   Coalition 312/350 (ID 40): 266 members, 3310ms
[2025-12-12T09:32:24Z]   Coalition 313/350 (ID 39): 157 members, 2104ms
[2025-12-12T09:32:26Z]   Coalition 314/350 (ID 38): 141 members, 2158ms
[2025-12-12T09:32:28Z]   Coalition 315/350 (ID 37): 158 members, 2056ms
[2025-12-12T09:32:30Z]   Coalition 316/350 (ID 36): 149 members, 2089ms
[2025-12-12T09:32:31Z]   Coalition 317/350 (ID 35): 24 members, 975ms
[2025-12-12T09:32:32Z]   Coalition 318/350 (ID 34): 18 members, 987ms
[2025-12-12T09:32:33Z]   Coalition 319/350 (ID 33): 20 members, 998ms
[2025-12-12T09:32:34Z]   Coalition 320/350 (ID 32): 25 members, 1003ms
[2025-12-12T09:32:35Z]   Coalition 321/350 (ID 31): 27 members, 1011ms
[2025-12-12T09:32:36Z]   Coalition 322/350 (ID 30): 27 members, 1041ms
[2025-12-12T09:32:37Z]   Coalition 323/350 (ID 29): 58 members, 1057ms
[2025-12-12T09:32:38Z]   Coalition 324/350 (ID 28): 49 members, 1009ms
[2025-12-12T09:32:39Z]   Coalition 325/350 (ID 27): 52 members, 1035ms
[2025-12-12T09:32:42Z]   Coalition 326/350 (ID 26): 101 members, 2126ms
[2025-12-12T09:32:44Z]   Coalition 327/350 (ID 25): 131 members, 2081ms
[2025-12-12T09:32:46Z]   Coalition 328/350 (ID 24): 130 members, 2122ms
[2025-12-12T09:32:48Z]   Coalition 329/350 (ID 23): 106 members, 2172ms
[2025-12-12T09:32:49Z]   Coalition 330/350 (ID 21): 49 members, 1016ms
[2025-12-12T09:32:50Z]   Coalition 331/350 (ID 20): 48 members, 1172ms
[2025-12-12T09:32:51Z]   Coalition 332/350 (ID 19): 54 members, 1163ms
[2025-12-12T09:32:52Z]   Coalition 333/350 (ID 18): 55 members, 1045ms
[2025-12-12T09:33:01Z]   Coalition 334/350 (ID 17): 744 members, 8617ms
[2025-12-12T09:33:10Z]   Coalition 335/350 (ID 16): 721 members, 8626ms
[2025-12-12T09:33:17Z]   Coalition 336/350 (ID 15): 681 members, 7786ms
[2025-12-12T09:33:26Z]   Coalition 339/350 (ID 12): 515 members, 6559ms
[2025-12-12T09:33:30Z]   Coalition 340/350 (ID 11): 388 members, 4554ms
[2025-12-12T09:33:35Z]   Coalition 341/350 (ID 10): 346 members, 4411ms
[2025-12-12T09:33:39Z]   Coalition 342/350 (ID 9): 351 members, 4547ms
[2025-12-12T09:33:41Z]   Coalition 343/350 (ID 8): 45 members, 1066ms
[2025-12-12T09:33:42Z]   Coalition 344/350 (ID 7): 54 members, 1026ms
[2025-12-12T09:33:43Z]   Coalition 345/350 (ID 6): 39 members, 1017ms
[2025-12-12T09:33:44Z]   Coalition 346/350 (ID 5): 44 members, 1020ms
[2025-12-12T09:33:53Z]   Coalition 347/350 (ID 4): 761 members, 8914ms
[2025-12-12T09:34:01Z]   Coalition 348/350 (ID 3): 749 members, 8378ms
[2025-12-12T09:34:09Z]   Coalition 349/350 (ID 2): 778 members, 8496ms
[2025-12-12T09:34:14Z]   Coalition 350/350 (ID 1): SKIPPED (not accessible)
[2025-12-12T09:34:14Z]   Coalition 350/350 (ID 1): 400 members, 4491ms
[2025-12-12T09:34:14Z] Total: 92768 user memberships in 17420KB from 350 coalitions, 1130 API hits
[2025-12-12T09:34:15Z] Exported to /srv/42_Network/repo/exports/09_coalitions_users/all.json
[2025-12-12T09:34:15Z] ====== FETCH COALITIONS_USERS COMPLETE (1511s) ======
[2025-12-12T09:34:15Z] 
[2025-12-12T09:44:11Z] ====== FETCH COALITIONS_USERS START ======
[2025-12-12T09:44:11Z] SKIP: Last fetch was 596 seconds ago (threshold: 3600s)
[2025-12-12T09:44:32Z] ====== FETCH COALITIONS_USERS START ======
[2025-12-12T09:44:32Z] SKIP: Last fetch was 617 seconds ago (threshold: 3600s)
