[2025-12-14T02:27:54Z] ====== FETCH COALITIONS START ======
[2025-12-14T02:27:54Z] Starting fetch: per_page=100
[2025-12-14T02:27:54Z] Fetching page 1...
[2025-12-14T02:28:14Z]   Page 1: 100 records, 29KB, 18918ms
[2025-12-14T02:28:14Z] Fetching page 2...
[2025-12-14T02:28:22Z]   Page 2: 100 records, 30KB, 6675ms
[2025-12-14T02:28:22Z] Fetching page 3...
[2025-12-14T02:28:30Z]   Page 3: 100 records, 29KB, 7380ms
[2025-12-14T02:28:30Z] Fetching page 4...
[2025-12-14T02:29:04Z]   Page 4: 50 records, 14KB, 32811ms
[2025-12-14T02:29:04Z] Total: 350 coalitions in 102KB across 4 pages, 4 API hits
[2025-12-14T02:29:04Z] Exported to /srv/42_Network/repo/exports/08_coalitions/all.json
[2025-12-14T02:29:04Z] Cleaned up page files
[2025-12-14T02:29:04Z] ====== FETCH COALITIONS COMPLETE (70s) ======
[2025-12-14T02:29:04Z] 
[2025-12-14T02:30:34Z] ====== FETCH COALITIONS START ======
[2025-12-14T02:30:34Z] SKIP: Last fetch was 90 seconds ago (threshold: 3600s)
[2025-12-14T03:08:59Z] ====== FETCH COALITIONS START ======
[2025-12-14T03:08:59Z] Starting fetch: per_page=100
[2025-12-14T03:08:59Z] Fetching page 1...
[2025-12-14T03:09:26Z]   Page 1: 100 records, 29KB, 25120ms
[2025-12-14T03:09:26Z] Fetching page 2...
[2025-12-14T03:09:57Z]   Page 2: 100 records, 30KB, 29937ms
[2025-12-14T03:09:57Z] Fetching page 3...
[2025-12-14T03:10:09Z]   Page 3: 100 records, 29KB, 10915ms
[2025-12-14T03:10:09Z] Fetching page 4...
[2025-12-14T03:10:32Z]   Page 4: 50 records, 14KB, 22156ms
[2025-12-14T03:10:32Z] Total: 350 coalitions in 102KB across 4 pages, 4 API hits
[2025-12-14T03:10:32Z] Exported to /srv/42_Network/repo/exports/08_coalitions/all.json
[2025-12-14T03:10:32Z] Cleaned up page files
[2025-12-14T03:10:32Z] ====== FETCH COALITIONS COMPLETE (93s) ======
[2025-12-14T03:10:32Z] 
[2025-12-14T03:14:28Z] ====== FETCH COALITIONS START ======
[2025-12-14T03:14:28Z] Starting fetch: per_page=100
[2025-12-14T03:14:28Z] Fetching page 1...
[2025-12-14T03:14:47Z]   Page 1: 100 records, 29KB, 17746ms
[2025-12-14T03:14:47Z] Fetching page 2...
[2025-12-14T03:15:24Z]   Page 2: 100 records, 30KB, 36649ms
[2025-12-14T03:15:25Z] Fetching page 3...
[2025-12-14T03:19:44Z] ====== FETCH COALITIONS START ======
[2025-12-14T03:19:44Z] Starting fetch: per_page=100
[2025-12-14T03:19:44Z] Fetching page 1...
[2025-12-14T03:20:06Z]   Page 1: 100 records, 29KB, 21342ms
[2025-12-14T03:20:06Z] Fetching page 2...
[2025-12-14T03:20:13Z]   Page 2: 100 records, 30KB, 6039ms
[2025-12-14T03:20:13Z] Fetching page 3...
[2025-12-14T03:20:35Z]   Page 3: 100 records, 29KB, 20892ms
[2025-12-14T03:20:35Z] Fetching page 4...
[2025-12-14T03:20:49Z]   Page 4: 50 records, 14KB, 12714ms
[2025-12-14T03:20:49Z] Total: 350 coalitions in 102KB across 4 pages, 4 API hits
[2025-12-14T03:20:49Z] Exported to /srv/42_Network/repo/exports/08_coalitions/all.json
[2025-12-14T03:20:49Z] Cleaned up page files
[2025-12-14T03:20:49Z] ====== FETCH COALITIONS COMPLETE (65s) ======
[2025-12-14T03:20:49Z] 
[2025-12-14T03:24:16Z] ====== FETCH COALITIONS START ======
[2025-12-14T03:24:16Z] Starting fetch: per_page=100
[2025-12-14T03:24:16Z] Fetching page 1...
[2025-12-14T03:27:18Z] ====== FETCH COALITIONS START ======
[2025-12-14T03:27:18Z] SKIP: Last fetch was 389 seconds ago (threshold: 3600s)
[2025-12-14T03:37:28Z] ====== FETCH COALITIONS START ======
[2025-12-14T03:37:28Z] SKIP: Last fetch was 999 seconds ago (threshold: 3600s)
[2025-12-14T03:44:51Z] ====== FETCH COALITIONS START ======
[2025-12-14T03:44:51Z] SKIP: Last fetch was 1442 seconds ago (threshold: 3600s)
[2025-12-14T03:52:27Z] ====== FETCH COALITIONS START ======
[2025-12-14T03:52:27Z] SKIP: Last fetch was 1898 seconds ago (threshold: 3600s)
[2025-12-14T03:57:05Z] ====== FETCH COALITIONS START ======
[2025-12-14T03:57:05Z] SKIP: Last fetch was 2176 seconds ago (threshold: 3600s)
