===== 2025-12-10T23:12:31Z =====
All stable tables updated.
Fetched sizes (kB): cursus=4, campuses=44, campus_achievements=7108, projects=28096, total=35252
Summary:
  cursus          rows=1        status=cached  last_fetch=2025-12-10 22:34:35Z
  campuses        rows=54       status=cached  last_fetch=2025-12-10 22:52:48Z
  achievements    rows=1035     status=cached  last_fetch=2025-12-10 22:37:41Z
  campus_ach      rows=5492     status=cached  last_fetch=2025-12-10 22:37:41Z
  projects        rows=538      status=cached  last_fetch=2025-12-10 22:38:47Z
  campus_projects rows=24195    status=cached  last_fetch=2025-12-10 22:38:47Z
  project_sessions rows=7256     status=cached  last_fetch=2025-12-10 22:38:47Z
API hits (pages fetched this run): 0

===== 2025-12-10T23:13:48Z =====
All stable tables updated.
Fetched sizes (kB): cursus=4, campuses=44, campus_achievements=7108, projects=28096, total=35252
Summary:
  cursus          rows=1        status=cached  last_fetch=2025-12-10 22:34:35Z
  campuses        rows=54       status=cached  last_fetch=2025-12-10 22:52:48Z
  achievements    rows=1035     status=cached  last_fetch=2025-12-10 22:37:41Z
  campus_ach      rows=5492     status=cached  last_fetch=2025-12-10 22:37:41Z
  projects        rows=538      status=cached  last_fetch=2025-12-10 22:38:47Z
  campus_projects rows=24195    status=cached  last_fetch=2025-12-10 22:38:47Z
  project_sessions rows=7256     status=cached  last_fetch=2025-12-10 22:38:47Z
API hits (pages fetched this run): 0

===== 2025-12-10T23:18:27Z =====

All stable tables updated.
Fetched sizes (kB): cursus=4, campuses=44, campus_achievements=7108, projects=28096, total=35252
Summary:
  cursus          rows=1        status=ran     last_fetch=2025-12-10 23:18:28Z
  campuses        rows=54       status=ran     last_fetch=2025-12-10 23:18:32Z
  achievements    rows=1035     status=ran     last_fetch=2025-12-10 23:21:36Z
  campus_ach      rows=5492     status=ran     last_fetch=2025-12-10 23:21:36Z
  projects        rows=538      status=ran     last_fetch=2025-12-10 23:22:44Z
  campus_projects rows=24195    status=ran     last_fetch=2025-12-10 23:22:44Z
  project_sessions rows=7256     status=ran     last_fetch=2025-12-10 23:22:44Z
API hits (pages fetched this run): 97

===== 2025-12-10T23:23:43Z =====

All stable tables updated.
API hits (pages fetched this run): 0
Fetched sizes (kB): 
full fetch: cursus=4, campuses=44, campus_achievements=7108, projects=28096, total=35252
this run:   cursus=0, campuses=0, campus_achievements=0, projects=0, total=0
Summary:
  cursus            rows=1        status=cached  last_fetch=2025-12-10 23:18:28
  campuses          rows=54       status=cached  last_fetch=2025-12-10 23:18:32
  achievements      rows=1035     status=cached  last_fetch=2025-12-10 23:21:36
  campus_ach        rows=5492     status=cached  last_fetch=2025-12-10 23:21:36
  projects          rows=538      status=cached  last_fetch=2025-12-10 23:22:44
  campus_projects   rows=24195    status=cached  last_fetch=2025-12-10 23:22:44
  project_sessions  rows=7256     status=cached  last_fetch=2025-12-10 23:22:44


===== 2025-12-10T23:33:49Z =====

All stable tables updated.
API hits (pages fetched this run): 0
Fetched sizes (kB):
full fetch: cursus=4, campuses=44, campus_achievements=7108, projects=28096, total=35252
this run:   cursus=0, campuses=0, campus_achievements=0, projects=0, total=0
Summary:
  cursus          rows=1        status=cached  last_fetch=2025-12-10 23:18:28
  campuses        rows=54       status=cached  last_fetch=2025-12-10 23:18:32
  achievements    rows=1035     status=cached  last_fetch=2025-12-10 23:21:36
  campus_ach      rows=5492     status=cached  last_fetch=2025-12-10 23:21:36
  projects        rows=538      status=cached  last_fetch=2025-12-10 23:22:44
  campus_projects rows=24195    status=cached  last_fetch=2025-12-10 23:22:44
  project_sessions rows=7256     status=cached  last_fetch=2025-12-10 23:22:44

===== 2025-12-10T23:34:42Z =====

All stable tables updated.
API hits (pages fetched this run): 96
Fetched sizes (kB):
full fetch: cursus=4, campuses=44, campus_achievements=7108, projects=28096, total=35252
this run:   cursus=4, campuses=0, campus_achievements=, projects=28108, total=28112
Summary:
  cursus          rows=1        status=ran     last_fetch=2025-12-10 23:34:42
  campuses        rows=54       status=cached  last_fetch=2025-12-10 23:18:32
  achievements    rows=1035     status=ran     last_fetch=2025-12-10 23:37:47
  campus_ach      rows=5492     status=ran     last_fetch=2025-12-10 23:37:47
  projects        rows=538      status=ran     last_fetch=2025-12-10 23:38:52
  campus_projects rows=24195    status=ran     last_fetch=2025-12-10 23:38:52
  project_sessions rows=7256     status=ran     last_fetch=2025-12-10 23:38:52

===== 2025-12-10T23:57:47Z =====

All stable tables updated.
API hits (pages fetched this run): 0
Fetched sizes (kB):
full fetch: cursus=4, campuses=44, campus_achievements=7108, projects=28096, total=35252
this run:   cursus=0, campuses=0, campus_achievements=0, projects=0, total=0
Summary:
  cursus          rows=1        status=cached  last_fetch=2025-12-10 23:34:42
  campuses        rows=54       status=cached  last_fetch=2025-12-10 23:18:32
  achievements    rows=1035     status=cached  last_fetch=2025-12-10 23:37:47
  campus_ach      rows=5492     status=cached  last_fetch=2025-12-10 23:37:47
  projects        rows=538      status=cached  last_fetch=2025-12-10 23:38:52
  campus_projects rows=24195    status=cached  last_fetch=2025-12-10 23:38:52
  project_sessions rows=7256     status=cached  last_fetch=2025-12-10 23:38:52

===== 2025-12-10T23:58:53Z =====

All stable tables updated.
API hits (pages fetched this run): 96
Fetched sizes (kB):
full fetch: cursus=4, campuses=44, campus_achievements=7108, projects=28096, total=35252
this run:   cursus=4, campuses=0, campus_achievements=, projects=28108, total=28112
Summary:
  cursus          rows=1        status=ran     last_fetch=2025-12-10 23:58:54
  campuses        rows=54       status=cached  last_fetch=2025-12-10 23:18:32
  achievements    rows=1035     status=ran     last_fetch=2025-12-11 00:02:48
  campus_ach      rows=5492     status=ran     last_fetch=2025-12-11 00:02:48
  projects        rows=538      status=ran     last_fetch=2025-12-11 00:04:10
  campus_projects rows=24195    status=ran     last_fetch=2025-12-11 00:04:10
  project_sessions rows=7256     status=ran     last_fetch=2025-12-11 00:04:10

===== 2025-12-11T00:08:10Z =====

All stable tables updated.
API hits (pages fetched this run): 0
Fetched sizes (kB):
full fetch: cursus=4, campuses=44, campus_achievements=7108, projects=28096, total=35252
this run:   cursus=0, campuses=0, campus_achievements=0, projects=0, total=0
Summary:
  cursus          rows=1        status=cached  last_fetch=2025-12-10 23:58:54
  campuses        rows=54       status=cached  last_fetch=2025-12-10 23:18:32
  achievements    rows=1035     status=cached  last_fetch=2025-12-11 00:02:48
  campus_ach      rows=5492     status=cached  last_fetch=2025-12-11 00:02:48
  projects        rows=538      status=cached  last_fetch=2025-12-11 00:04:10
  campus_projects rows=24195    status=cached  last_fetch=2025-12-11 00:04:10
  project_sessions rows=7256     status=cached  last_fetch=2025-12-11 00:04:10

===== 2025-12-11T00:13:25Z =====

All stable tables updated.
API hits (pages fetched this run): 0
Fetched sizes (kB):
full fetch: cursus=4, campuses=44, campus_achievements=7108, projects=28096, total=35252
this run:   cursus=0, campuses=0, campus_achievements=0, projects=0, total=0
Summary:
  cursus          rows=1        status=cached  last_fetch=2025-12-10 23:58:54
  campuses        rows=54       status=cached  last_fetch=2025-12-10 23:18:32
  achievements    rows=1035     status=cached  last_fetch=2025-12-11 00:02:48
  campus_ach      rows=5492     status=cached  last_fetch=2025-12-11 00:02:48
  projects        rows=538      status=cached  last_fetch=2025-12-11 00:04:10
  campus_projects rows=24195    status=cached  last_fetch=2025-12-11 00:04:10
  project_sessions rows=7256     status=cached  last_fetch=2025-12-11 00:04:10

===== 2025-12-11T01:10:23Z =====

All stable tables updated.
API hits (pages fetched this run): 95
Fetched sizes (kB):
full fetch: cursus=4, campuses=44, campus_achievements=7108, projects=28096, total=35252
this run:   cursus=0, campuses=0, campus_achievements=, projects=28108, total=28108
Summary:
  cursus          rows=1        status=cached  last_fetch=2025-12-11 01:04:54
  campuses        rows=54       status=cached  last_fetch=2025-12-11 01:04:59
  achievements    rows=1035     status=ran     last_fetch=2025-12-11 01:13:30
  campus_ach      rows=5492     status=ran     last_fetch=2025-12-11 01:13:30
  projects        rows=538      status=ran     last_fetch=2025-12-11 01:14:45
  campus_projects rows=24195    status=ran     last_fetch=2025-12-11 01:14:45
  project_sessions rows=7256     status=ran     last_fetch=2025-12-11 01:14:45

