[2025-12-14T02:30:33Z] ====== UPDATE COALITIONS START ======
[2025-12-14T02:30:34Z] Using cached coalitions fetch (skip due to recency).
[2025-12-14T02:30:38Z] Coalitions: total=350, recently_ingested=350
[2025-12-14T02:30:38Z] ====== UPDATE COALITIONS COMPLETE (5s) ======
[2025-12-14T02:30:38Z] Log: /srv/42_Network/repo/logs/update_coalitions.log
[2025-12-14T02:30:38Z] 
[2025-12-14T03:27:18Z] ====== UPDATE COALITIONS START ======
[2025-12-14T03:27:18Z] Using cached coalitions fetch (skip due to recency).
[2025-12-14T03:27:22Z] Coalitions: total=350, recently_ingested=350
[2025-12-14T03:27:22Z] ====== UPDATE COALITIONS COMPLETE (4s) ======
[2025-12-14T03:27:22Z] Log: /srv/42_Network/repo/logs/update_coalitions.log
[2025-12-14T03:27:22Z] 
[2025-12-14T03:37:28Z] ====== UPDATE COALITIONS START ======
[2025-12-14T03:37:28Z] Using cached coalitions fetch (skip due to recency).
[2025-12-14T03:37:32Z] Coalitions: total=350, recently_ingested=350
[2025-12-14T03:37:32Z] ====== UPDATE COALITIONS COMPLETE (4s) ======
[2025-12-14T03:37:32Z] Log: /srv/42_Network/repo/logs/update_coalitions.log
[2025-12-14T03:37:32Z] 
[2025-12-14T03:44:51Z] ====== UPDATE COALITIONS START ======
[2025-12-14T03:44:51Z] Using cached coalitions fetch (skip due to recency).
[2025-12-14T03:44:55Z] Coalitions: total=350, recently_ingested=350
[2025-12-14T03:44:55Z] ====== UPDATE COALITIONS COMPLETE (4s) ======
[2025-12-14T03:44:55Z] Log: /srv/42_Network/repo/logs/update_coalitions.log
[2025-12-14T03:44:55Z] 
[2025-12-14T03:52:27Z] ====== UPDATE COALITIONS START ======
[2025-12-14T03:52:27Z] Using cached coalitions fetch (skip due to recency).
[2025-12-14T03:52:31Z] Coalitions: total=350, recently_ingested=350
[2025-12-14T03:52:31Z] ====== UPDATE COALITIONS COMPLETE (4s) ======
[2025-12-14T03:52:31Z] Log: /srv/42_Network/repo/logs/update_coalitions.log
[2025-12-14T03:52:31Z] 
[2025-12-14T03:57:05Z] ====== UPDATE COALITIONS START ======
[2025-12-14T03:57:05Z] Using cached coalitions fetch (skip due to recency).
[2025-12-14T03:57:09Z] Coalitions: total=350, recently_ingested=350
[2025-12-14T03:57:09Z] ====== UPDATE COALITIONS COMPLETE (4s) ======
[2025-12-14T03:57:09Z] Log: /srv/42_Network/repo/logs/update_coalitions.log
[2025-12-14T03:57:09Z] 
